Drivers\Routes\RouteException : The class Controllers\Js/routers/routerController is undefined C:\xampp\htdocs\student-is\system\start.php(87) As seen from  C:\xampp\htdocs\student-is\system\bootstrap.php(93): {closure}()
#1 C:\xampp\htdocs\student-is\public\index.php(60): require_once('C:\\xampp\\htdocs...')
#2 {main}
Drivers\Routes\RouteException : The class Controllers\Js/views/indexController is undefined C:\xampp\htdocs\student-is\system\start.php(87) As seen from  C:\xampp\htdocs\student-is\system\bootstrap.php(93): {closure}()
#1 C:\xampp\htdocs\student-is\public\index.php(60): require_once('C:\\xampp\\htdocs...')
#2 {main}
Drivers\Routes\RouteException : The class Controllers\Js/views/contactController is undefined C:\xampp\htdocs\student-is\system\start.php(87) As seen from  C:\xampp\htdocs\student-is\system\bootstrap.php(93): {closure}()
#1 C:\xampp\htdocs\student-is\public\index.php(60): require_once('C:\\xampp\\htdocs...')
#2 {main}
Drivers\Routes\RouteException : The class Controllers\Js/views/homeController is undefined C:\xampp\htdocs\student-is\system\start.php(87) As seen from  C:\xampp\htdocs\student-is\system\bootstrap.php(93): {closure}()
#1 C:\xampp\htdocs\student-is\public\index.php(60): require_once('C:\\xampp\\htdocs...')
#2 {main}
Drivers\Routes\RouteException : The class Controllers\Js/views/aboutController is undefined C:\xampp\htdocs\student-is\system\start.php(87) As seen from  C:\xampp\htdocs\student-is\system\bootstrap.php(93): {closure}()
#1 C:\xampp\htdocs\student-is\public\index.php(60): require_once('C:\\xampp\\htdocs...')
#2 {main}
Drivers\Routes\RouteException : The class Controllers\Js/views/blogController is undefined C:\xampp\htdocs\student-is\system\start.php(87) As seen from  C:\xampp\htdocs\student-is\system\bootstrap.php(93): {closure}()
#1 C:\xampp\htdocs\student-is\public\index.php(60): require_once('C:\\xampp\\htdocs...')
#2 {main}
Drivers\Routes\RouteException : The class Controllers\Js/routers/routerController is undefined C:\xampp\htdocs\student-is\system\start.php(87) As seen from  C:\xampp\htdocs\student-is\system\bootstrap.php(93): {closure}()
#1 C:\xampp\htdocs\student-is\public\index.php(60): require_once('C:\\xampp\\htdocs...')
#2 {main}
Drivers\Routes\RouteException : The class Controllers\Js/views/indexController is undefined C:\xampp\htdocs\student-is\system\start.php(87) As seen from  C:\xampp\htdocs\student-is\system\bootstrap.php(93): {closure}()
#1 C:\xampp\htdocs\student-is\public\index.php(60): require_once('C:\\xampp\\htdocs...')
#2 {main}
Drivers\Routes\RouteException : The class Controllers\Js/views/homeController is undefined C:\xampp\htdocs\student-is\system\start.php(87) As seen from  C:\xampp\htdocs\student-is\system\bootstrap.php(93): {closure}()
#1 C:\xampp\htdocs\student-is\public\index.php(60): require_once('C:\\xampp\\htdocs...')
#2 {main}
Drivers\Routes\RouteException : The class Controllers\Js/views/aboutController is undefined C:\xampp\htdocs\student-is\system\start.php(87) As seen from  C:\xampp\htdocs\student-is\system\bootstrap.php(93): {closure}()
#1 C:\xampp\htdocs\student-is\public\index.php(60): require_once('C:\\xampp\\htdocs...')
#2 {main}
Drivers\Routes\RouteException : The class Controllers\Js/views/blogController is undefined C:\xampp\htdocs\student-is\system\start.php(87) As seen from  C:\xampp\htdocs\student-is\system\bootstrap.php(93): {closure}()
#1 C:\xampp\htdocs\student-is\public\index.php(60): require_once('C:\\xampp\\htdocs...')
#2 {main}
Drivers\Routes\RouteException : The class Controllers\Js/views/contactController is undefined C:\xampp\htdocs\student-is\system\start.php(87) As seen from  C:\xampp\htdocs\student-is\system\bootstrap.php(93): {closure}()
#1 C:\xampp\htdocs\student-is\public\index.php(60): require_once('C:\\xampp\\htdocs...')
#2 {main}
Drivers\Routes\RouteException : The class Controllers\HomeController is undefined C:\xampp\htdocs\student-is\system\start.php(87) As seen from  C:\xampp\htdocs\student-is\system\bootstrap.php(93): {closure}()
#1 C:\xampp\htdocs\student-is\public\index.php(60): require_once('C:\\xampp\\htdocs...')
#2 {main}
Drivers\Templates\TemplateException: The view file named 'login.index'  cannot be found! C:\xampp\htdocs\student-is\system\Drivers\Templates\TemplateParserClass.php(31) As seen from  C:\xampp\htdocs\student-is\system\Drivers\Templates\View.php(206): Drivers\Templates\TemplateParserClass->compiled('C:\\xampp\\htdocs...', false, 'login.index')
#1 C:\xampp\htdocs\student-is\system\Drivers\Templates\View.php(144): Drivers\Templates\View::getContents('login.index', false)
#2 C:\xampp\htdocs\student-is\application\controllers\LoginController.php(37): Drivers\Templates\View::render('login.index', Array)
#3 [internal function]: Controllers\LoginController->getIndex(NULL)

Drivers\Routes\RouteException : The class Controllers\Js/routers/routerController is undefined C:\xampp\htdocs\student-is\system\start.php(87) As seen from  C:\xampp\htdocs\student-is\system\bootstrap.php(93): {closure}()
#1 C:\xampp\htdocs\student-is\public\index.php(60): require_once('C:\\xampp\\htdocs...')
#2 {main}
Drivers\Routes\RouteException : The class Controllers\Js/views/indexController is undefined C:\xampp\htdocs\student-is\system\start.php(87) As seen from  C:\xampp\htdocs\student-is\system\bootstrap.php(93): {closure}()
#1 C:\xampp\htdocs\student-is\public\index.php(60): require_once('C:\\xampp\\htdocs...')
#2 {main}
Drivers\Routes\RouteException : The class Controllers\Js/views/homeController is undefined C:\xampp\htdocs\student-is\system\start.php(87) As seen from  C:\xampp\htdocs\student-is\system\bootstrap.php(93): {closure}()
#1 C:\xampp\htdocs\student-is\public\index.php(60): require_once('C:\\xampp\\htdocs...')
#2 {main}
Drivers\Routes\RouteException : The class Controllers\Js/views/blogController is undefined C:\xampp\htdocs\student-is\system\start.php(87) As seen from  C:\xampp\htdocs\student-is\system\bootstrap.php(93): {closure}()
#1 C:\xampp\htdocs\student-is\public\index.php(60): require_once('C:\\xampp\\htdocs...')
#2 {main}
Drivers\Routes\RouteException : The class Controllers\Js/views/contactController is undefined C:\xampp\htdocs\student-is\system\start.php(87) As seen from  C:\xampp\htdocs\student-is\system\bootstrap.php(93): {closure}()
#1 C:\xampp\htdocs\student-is\public\index.php(60): require_once('C:\\xampp\\htdocs...')
#2 {main}
Drivers\Routes\RouteException : The class Controllers\Js/views/aboutController is undefined C:\xampp\htdocs\student-is\system\start.php(87) As seen from  C:\xampp\htdocs\student-is\system\bootstrap.php(93): {closure}()
#1 C:\xampp\htdocs\student-is\public\index.php(60): require_once('C:\\xampp\\htdocs...')
#2 {main}
Drivers\Routes\RouteException : The class Controllers\Images/twitter/imagesController is undefined C:\xampp\htdocs\student-is\system\start.php(87) As seen from  C:\xampp\htdocs\student-is\system\bootstrap.php(93): {closure}()
#1 C:\xampp\htdocs\student-is\public\index.php(60): require_once('C:\\xampp\\htdocs...')
#2 {main}
Drivers\Routes\RouteException : The class Controllers\Images/twitter/imagesController is undefined C:\xampp\htdocs\student-is\system\start.php(87) As seen from  C:\xampp\htdocs\student-is\system\bootstrap.php(93): {closure}()
#1 C:\xampp\htdocs\student-is\public\index.php(60): require_once('C:\\xampp\\htdocs...')
#2 {main}
Drivers\Routes\RouteException : The class Controllers\Images/twitter/imagesController is undefined C:\xampp\htdocs\student-is\system\start.php(87) As seen from  C:\xampp\htdocs\student-is\system\bootstrap.php(93): {closure}()
#1 C:\xampp\htdocs\student-is\public\index.php(60): require_once('C:\\xampp\\htdocs...')
#2 {main}
Drivers\Routes\RouteException : The class Controllers\Images/twitter/imagesController is undefined C:\xampp\htdocs\student-is\system\start.php(87) As seen from  C:\xampp\htdocs\student-is\system\bootstrap.php(93): {closure}()
#1 C:\xampp\htdocs\student-is\public\index.php(60): require_once('C:\\xampp\\htdocs...')
#2 {main}
Drivers\Routes\RouteException : The class Controllers\GoogleplusController is undefined C:\xampp\htdocs\student-is\system\start.php(87) As seen from  C:\xampp\htdocs\student-is\system\bootstrap.php(93): {closure}()
#1 C:\xampp\htdocs\student-is\public\index.php(60): require_once('C:\\xampp\\htdocs...')
#2 {main}
Drivers\Routes\RouteException : Access to undefined method Controllers\LoginController->Index C:\xampp\htdocs\student-is\system\start.php(95) As seen from  C:\xampp\htdocs\student-is\system\bootstrap.php(93): {closure}()
#1 C:\xampp\htdocs\student-is\public\index.php(60): require_once('C:\\xampp\\htdocs...')
#2 {main}
Drivers\Routes\RouteException : Access to undefined method Controllers\LoginController->Index C:\xampp\htdocs\student-is\system\start.php(95) As seen from  C:\xampp\htdocs\student-is\system\bootstrap.php(93): {closure}()
#1 C:\xampp\htdocs\student-is\public\index.php(60): require_once('C:\\xampp\\htdocs...')
#2 {main}
Drivers\Routes\RouteException : Access to undefined method Controllers\LoginController->Index C:\xampp\htdocs\student-is\system\start.php(95) As seen from  C:\xampp\htdocs\student-is\system\bootstrap.php(93): {closure}()
#1 C:\xampp\htdocs\student-is\public\index.php(60): require_once('C:\\xampp\\htdocs...')
#2 {main}
Drivers\Routes\RouteException : Access to undefined method Controllers\LoginController->Index C:\xampp\htdocs\student-is\system\start.php(95) As seen from  C:\xampp\htdocs\student-is\system\bootstrap.php(93): {closure}()
#1 C:\xampp\htdocs\student-is\public\index.php(60): require_once('C:\\xampp\\htdocs...')
#2 {main}
Drivers\Routes\RouteException : Access to undefined method Controllers\LoginController->Index C:\xampp\htdocs\student-is\system\start.php(95) As seen from  C:\xampp\htdocs\student-is\system\bootstrap.php(93): {closure}()
#1 C:\xampp\htdocs\student-is\public\index.php(60): require_once('C:\\xampp\\htdocs...')
#2 {main}
Drivers\Routes\RouteException : Access to undefined method Controllers\LoginController->Index C:\xampp\htdocs\student-is\system\start.php(95) As seen from  C:\xampp\htdocs\student-is\system\bootstrap.php(93): {closure}()
#1 C:\xampp\htdocs\student-is\public\index.php(60): require_once('C:\\xampp\\htdocs...')
#2 {main}
Drivers\Routes\RouteException : Access to undefined method Controllers\LoginController->Index C:\xampp\htdocs\student-is\system\start.php(95) As seen from  C:\xampp\htdocs\student-is\system\bootstrap.php(93): {closure}()
#1 C:\xampp\htdocs\student-is\public\index.php(60): require_once('C:\\xampp\\htdocs...')
#2 {main}
Drivers\Routes\RouteException : The class Controllers\Login/checkuserController is undefined C:\xampp\htdocs\student-is\system\start.php(87) As seen from  C:\xampp\htdocs\student-is\system\bootstrap.php(93): {closure}()
#1 C:\xampp\htdocs\student-is\public\index.php(60): require_once('C:\\xampp\\htdocs...')
#2 {main}
Drivers\Routes\RouteException : The class Controllers\Login/checkuserController is undefined C:\xampp\htdocs\student-is\system\start.php(87) As seen from  C:\xampp\htdocs\student-is\system\bootstrap.php(93): {closure}()
#1 C:\xampp\htdocs\student-is\public\index.php(60): require_once('C:\\xampp\\htdocs...')
#2 {main}
Drivers\Routes\RouteException : The class Controllers\Login/checkuserController is undefined C:\xampp\htdocs\student-is\system\start.php(87) As seen from  C:\xampp\htdocs\student-is\system\bootstrap.php(93): {closure}()
#1 C:\xampp\htdocs\student-is\public\index.php(60): require_once('C:\\xampp\\htdocs...')
#2 {main}
Drivers\Routes\RouteException : The class Controllers\Login/indexController is undefined C:\xampp\htdocs\student-is\system\start.php(87) As seen from  C:\xampp\htdocs\student-is\system\bootstrap.php(93): {closure}()
#1 C:\xampp\htdocs\student-is\public\index.php(60): require_once('C:\\xampp\\htdocs...')
#2 {main}
Drivers\Routes\RouteException : The class Controllers\Login/oddController is undefined C:\xampp\htdocs\student-is\system\start.php(87) As seen from  C:\xampp\htdocs\student-is\system\bootstrap.php(93): {closure}()
#1 C:\xampp\htdocs\student-is\public\index.php(60): require_once('C:\\xampp\\htdocs...')
#2 {main}
